[LOG] SystemI::init                            : FMOD Studio Version: 00010705 (71238)
[LOG] SystemI::init                            : maxchannels = 128, flags = 00020000, extradriverdata = 0000000000000000
[LOG] SystemI::close                           : 
[LOG] SystemI::close                           : Stop all sounds
[LOG] SystemI::close                           : Remove miscllaneous DSP stuff.
[LOG] SystemI::close                           : done.

[LOG] OutputWASAPI::init                       : Mix Format (WAVEFORMATEX): wFormatTag=0xFFFE, nChannels=2, nSamplesPerSec=48000, nAvgBytesPerSec=384000, nBlockAlign=8, wBitsPerSample=32, cbSize=22.
[LOG] OutputWASAPI::init                       : Mix Format (WAVEFORMATEXTENSIBLE): wValidBitsPerSample=32, dwChannelMask=0x00000003, SubFormat=00000003-0000-0010-8000-00AA00389B71.
[LOG] Thread::initThread                       : Initializing FMOD (WASAPI) feeder thread.  priority 0
[LOG] Thread::initThread                       : - Stacksize 0.  Stack pointer 0000000000000000 : usesemaphore = 0 : sleeptime = 0
[LOG] Thread::callback                         : * FMOD (WASAPI) feeder thread started
[LOG] Thread::initThread                       : Initializing FMOD mixer thread.  priority 2
[LOG] OutputWASAPI::feederUpdate               : WASAPI feeder thread set to 'Audio' characteristic
[LOG] Thread::initThread                       : - Stacksize 49152.  Stack pointer 0000000000000000 : usesemaphore = 1 : sleeptime = 0
[LOG] Thread::callback                         : * FMOD mixer thread started
[LOG] SystemI::init                            : Set up emulated output
[LOG] SystemI::init                            : create the channel pool
[LOG] SystemI::init                            : Set up streamer
[LOG] Thread::initThread                       : Initializing FMOD stream thread.  priority 2
[LOG] Thread::initThread                       : - Stacksize 65536.  Stack pointer 0000000000000000 : usesemaphore = 0 : sleeptime = 10
[LOG] Thread::callback                         : * FMOD stream thread started
[LOG] Thread::initThread                       : Initializing FMOD Studio update thread.  priority 0
[LOG] Thread::initThread                       : - Stacksize 65536.  Stack pointer 0000000000000000 : usesemaphore = 0 : sleeptime = 1
[LOG] Thread::callback                         : * FMOD Studio update thread started
[LOG] Thread::initThread                       : Initializing FMOD Studio load thread.  priority 0
[LOG] Thread::initThread                       : - Stacksize 65536.  Stack pointer 0000000000000000 : usesemaphore = 0 : sleeptime = 1
[LOG] Thread::callback                         : * FMOD Studio load thread started
[LOG] Manager::readBank                        : fileversion = 68, compatVersion = 68 (oldest = 44, newest = 68)
[LOG] Manager::readBank                        : fileversion = 68, compatVersion = 68 (oldest = 44, newest = 68)
[LOG] Manager::readBank                        : fileversion = 68, compatVersion = 68 (oldest = 44, newest = 68)
[LOG] Manager::readBank                        : fileversion = 68, compatVersion = 68 (oldest = 44, newest = 68)
[LOG] Manager::readBank                        : fileversion = 68, compatVersion = 68 (oldest = 44, newest = 68)
[LOG] Manager::readBank                        : fileversion = 68, compatVersion = 68 (oldest = 44, newest = 68)
[LOG] SystemI::createSound                     : filename = C:\Users\10556476\Documents\JuniorProject\Audio\Build\Desktop/Ambiance.bank : mode 0a010202
[LOG] SystemI::createSound                     : FMOD_NONBLOCKING specified.  Putting into queue to be opened asynchronously!
[LOG] OutputSoftware::createSample             : lengthpcm 0, lengthbytes 0, channels 0, format 0, freq 0, mode 00000000
[LOG] Thread::initThread                       : Initializing FMOD nonblocking thread (0).  priority 1
[LOG] Thread::initThread                       : - Stacksize 81920.  Stack pointer 0000000000000000 : usesemaphore = 1 : sleeptime = 0
[LOG] Thread::callback                         : * FMOD nonblocking thread (0) started
[LOG] SystemI::createSound                     : setdata soundi = 000000003C5CCCC8 : node = 000000003AB727C0
[LOG] SystemI::createSound                     : add node to async list : head = 000000003AABBF10.  list count = 0
[LOG] AsyncThread::threadFunc                  : Starting Asynchronous operation on sound 000000003C5CCCC8
[LOG] SystemI::createSound                     : filename = C:\Users\10556476\Documents\JuniorProject\Audio\Build\Desktop/Ambiance.bank : mode 0a010202
[LOG] SystemI::createSoundInternal             :     filename = C:\Users\10556476\Documents\JuniorProject\Audio\Build\Desktop/Ambiance.bank : mode 0a010202
[LOG] SystemI::createSound                     :     FMOD_NONBLOCKING specified.  Putting into queue to be opened asynchronously!
[LOG] SystemI::createSoundInternal             :     exinfo->cbsize             = 216
[LOG] OutputSoftware::createSample             :     lengthpcm 0, lengthbytes 0, channels 0, format 0, freq 0, mode 00000000
[LOG] SystemI::createSoundInternal             :     exinfo->length             = 124288
[LOG] SystemI::createSoundInternal             :     exinfo->fileoffset         = 3776
[LOG] SystemI::createSound                     :     setdata soundi = 000000003C5CCE58 : node = 000000003AB72900
[LOG] SystemI::createSoundInternal             :     exinfo->numsubsounds       = 1
[LOG] SystemI::createSound                     :     add node to async list : head = 000000003AABBF10.  list count = 0
[LOG] SystemI::createSoundInternal             :     exinfo->inclusionlist      = 000000003AB728C8
[LOG] SystemI::createSound                     :     filename = C:\Users\10556476\Documents\JuniorProject\Audio\Build\Desktop/Character.bank : mode 0a010202
[LOG] SystemI::createSoundInternal             :     exinfo->inclusionlistnum   = 1
[LOG] SystemI::createSound                     :     FMOD_NONBLOCKING specified.  Putting into queue to be opened asynchronously!
[LOG] SystemI::createSoundInternal             :     exinfo->suggestedsoundtype = 5
[LOG] OutputSoftware::createSample             :     lengthpcm 0, lengthbytes 0, channels 0, format 0, freq 0, mode 00000000
[LOG] SystemI::createSoundInternal             :     exinfo->initialseekpostype = 1
[LOG] SystemI::createSound                     :     setdata soundi = 000000003C5CCFE8 : node = 000000003AB72A40
[LOG] SystemI::createSound                     :     add node to async list : head = 000000003AABBF10.  list count = 1
[LOG] SystemI::createSound                     :     filename = C:\Users\10556476\Documents\JuniorProject\Audio\Build\Desktop/Ambiance.bank : mode 0a010202
[LOG] SystemI::createSound                     :     FMOD_NONBLOCKING specified.  Putting into queue to be opened asynchronously!
[LOG] OutputSoftware::createSample             :     lengthpcm 0, lengthbytes 0, channels 0, format 0, freq 0, mode 00000000
[LOG] SystemI::createSoundInternal             :     Format has 1 subsounds.
[LOG] SystemI::createSound                     :     setdata soundi = 000000003C5CD178 : node = 000000003AB72B80
[LOG] SystemI::createSoundInternal             :     Create as FMOD_CREATESAMPLE
[LOG] SystemI::createSound                     :     add node to async list : head = 000000003AABBF10.  list count = 2
[LOG] SystemI::createSoundInternal             :     Multi-sample sound (1 subsounds), create a sample container.
[LOG] SystemI::createSoundInternal             :     creating subsound 0/1
[LOG] SystemI::createSound                     :     filename = C:\Users\10556476\Documents\JuniorProject\Audio\Build\Desktop/Music.bank : mode 0a010202
[LOG] SystemI::createSample                    :     mode 0a010202 length 61020 samples, lengthbytes 11232
[LOG] SystemI::createSound                     :     FMOD_NONBLOCKING specified.  Putting into queue to be opened asynchronously!
[LOG] SystemI::createSample                    :     channels = 1
[LOG] OutputSoftware::createSample             :     lengthpcm 0, lengthbytes 0, channels 0, format 0, freq 0, mode 00000000
[LOG] SystemI::createSample                    :     output = 000000003C5CC818
[LOG] SystemI::createSound                     :     setdata soundi = 000000003C5CD308 : node = 000000003AB72CC0
[LOG] OutputSoftware::createSample             :     lengthpcm 61020, lengthbytes 11232, channels 1, format 2, freq 48000, mode 0a01020a
[LOG] SystemI::createSound                     :     add node to async list : head = 000000003AABBF10.  list count = 3
[LOG] SystemI::createSoundInternal             :     done.  OpenState now = FMOD_OPENSTATE_READY.

[LOG] SystemI::createSound                     :     filename = C:\Users\10556476\Documents\JuniorProject\Audio\Build\Desktop/Music.bank : mode 0a010202
[LOG] AsyncThread::threadFunc                  : Finished Asynchronous operation on sound 000000003C5CCCC8
[LOG] SystemI::createSound                     : FMOD_NONBLOCKING specified.  Putting into queue to be opened asynchronously!
[LOG] AsyncThread::threadFunc                  : Starting Asynchronous operation on sound 000000003C5CCE58
[LOG] OutputSoftware::createSample             : lengthpcm 0, lengthbytes 0, channels 0, format 0, freq 0, mode 00000000
[LOG] SystemI::createSoundInternal             :     filename = C:\Users\10556476\Documents\JuniorProject\Audio\Build\Desktop/Ambiance.bank : mode 0a010202
[LOG] SystemI::createSound                     :     setdata soundi = 000000003C5CD628 : node = 000000003AB72E00
[LOG] SystemI::createSoundInternal             :     exinfo->cbsize             = 216
[LOG] SystemI::createSound                     :     add node to async list : head = 000000003AABBF10.  list count = 3
[LOG] SystemI::createSoundInternal             :     exinfo->length             = 124288
[LOG] SystemI::createSound                     :     filename = C:\Users\10556476\Documents\JuniorProject\Audio\Build\Desktop/Music.bank : mode 0a010202
[LOG] SystemI::createSoundInternal             :     exinfo->fileoffset         = 3776
[LOG] SystemI::createSound                     :     FMOD_NONBLOCKING specified.  Putting into queue to be opened asynchronously!
[LOG] SystemI::createSoundInternal             :     exinfo->numsubsounds       = 1
[LOG] OutputSoftware::createSample             :     lengthpcm 0, lengthbytes 0, channels 0, format 0, freq 0, mode 00000000
[LOG] SystemI::createSoundInternal             :     exinfo->inclusionlist      = 000000003AB72A08
[LOG] SystemI::createSound                     :     setdata soundi = 000000003ABE0E58 : node = 000000003AB72F40
[LOG] SystemI::createSoundInternal             :     exinfo->inclusionlistnum   = 1
[LOG] SystemI::createSound                     :     add node to async list : head = 000000003AABBF10.  list count = 4
[LOG] SystemI::createSoundInternal             :     exinfo->suggestedsoundtype = 5
[LOG] SystemI::createSound                     :     filename = C:\Users\10556476\Documents\JuniorProject\Audio\Build\Desktop/Music.bank : mode 0a010202
[LOG] SystemI::createSoundInternal             :     exinfo->initialseekpostype = 1
[LOG] SystemI::createSound                     :     FMOD_NONBLOCKING specified.  Putting into queue to be opened asynchronously!
[LOG] SystemI::createSoundInternal             :     Format has 1 subsounds.
[LOG] OutputSoftware::createSample             :     lengthpcm 0, lengthbytes 0, channels 0, format 0, freq 0, mode 00000000
[LOG] SystemI::createSoundInternal             :     Create as FMOD_CREATESAMPLE
[LOG] SystemI::createSound                     :     setdata soundi = 000000003ABE0FE8 : node = 000000003AB73080
[LOG] SystemI::createSoundInternal             :     Multi-sample sound (1 subsounds), create a sample container.
[LOG] SystemI::createSound                     :     add node to async list : head = 000000003AABBF10.  list count = 5
[LOG] SystemI::createSoundInternal             :     creating subsound 0/1
[LOG] SystemI::createSample                    :     mode 0a010202 length 40853 samples, lengthbytes 7424
[LOG] SystemI::createSample                    :     channels = 1
[LOG] SystemI::createSample                    :     output = 000000003C5CC818
[LOG] OutputSoftware::createSample             :     lengthpcm 40853, lengthbytes 7424, channels 1, format 2, freq 48000, mode 0a01020a
[LOG] SystemI::createSoundInternal             :     done.  OpenState now = FMOD_OPENSTATE_READY.

[LOG] AsyncThread::threadFunc                  : Finished Asynchronous operation on sound 000000003C5CCE58
[LOG] AsyncThread::threadFunc                  : Starting Asynchronous operation on sound 000000003C5CCFE8
[LOG] SystemI::createSoundInternal             :     filename = C:\Users\10556476\Documents\JuniorProject\Audio\Build\Desktop/Character.bank : mode 0a010202
[LOG] SystemI::createSoundInternal             :     exinfo->cbsize             = 216
[LOG] SystemI::createSoundInternal             :     exinfo->length             = 38464
[LOG] SystemI::createSoundInternal             :     exinfo->fileoffset         = 9024
[LOG] SystemI::createSoundInternal             :     exinfo->numsubsounds       = 1
[LOG] SystemI::createSoundInternal             :     exinfo->inclusionlist      = 000000003AB72B48
[LOG] SystemI::createSoundInternal             :     exinfo->inclusionlistnum   = 1
[LOG] SystemI::createSoundInternal             :     exinfo->suggestedsoundtype = 5
[LOG] SystemI::createSoundInternal             :     exinfo->initialseekpostype = 1
[LOG] SystemI::createSoundInternal             :     Format has 1 subsounds.
[LOG] SystemI::createSoundInternal             :     Create as FMOD_CREATESAMPLE
[LOG] SystemI::createSoundInternal             :     Multi-sample sound (1 subsounds), create a sample container.
[LOG] SystemI::createSoundInternal             :     creating subsound 0/1
[LOG] SystemI::createSample                    :     mode 0a010202 length 55332 samples, lengthbytes 9504
[LOG] SystemI::createSample                    :     channels = 1
[LOG] SystemI::createSample                    :     output = 000000003C5CC818
[LOG] OutputSoftware::createSample             :     lengthpcm 55332, lengthbytes 9504, channels 1, format 2, freq 48000, mode 0a01020a
[LOG] SystemI::createSoundInternal             :     done.  OpenState now = FMOD_OPENSTATE_READY.

[LOG] AsyncThread::threadFunc                  : Finished Asynchronous operation on sound 000000003C5CCFE8
[LOG] AsyncThread::threadFunc                  : Starting Asynchronous operation on sound 000000003C5CD178
[LOG] SystemI::createSoundInternal             :     filename = C:\Users\10556476\Documents\JuniorProject\Audio\Build\Desktop/Ambiance.bank : mode 0a010202
[LOG] SystemI::createSoundInternal             :     exinfo->cbsize             = 216
[LOG] SystemI::createSoundInternal             :     exinfo->length             = 124288
[LOG] SystemI::createSoundInternal             :     exinfo->fileoffset         = 3776
[LOG] SystemI::createSoundInternal             :     exinfo->numsubsounds       = 1
[LOG] SystemI::createSoundInternal             :     exinfo->inclusionlist      = 000000003AB72C88
[LOG] SystemI::createSoundInternal             :     exinfo->inclusionlistnum   = 1
[LOG] SystemI::createSoundInternal             :     exinfo->suggestedsoundtype = 5
[LOG] SystemI::createSoundInternal             :     exinfo->initialseekpostype = 1
[LOG] SystemI::createSoundInternal             :     Format has 1 subsounds.
[LOG] SystemI::createSoundInternal             :     Create as FMOD_CREATESAMPLE
[LOG] SystemI::createSoundInternal             :     Multi-sample sound (1 subsounds), create a sample container.
[LOG] SystemI::createSoundInternal             :     creating subsound 0/1
[LOG] SystemI::createSample                    :     mode 0a010202 length 548895 samples, lengthbytes 95648
[LOG] SystemI::createSample                    :     channels = 1
[LOG] SystemI::createSample                    :     output = 000000003C5CC818
[LOG] OutputSoftware::createSample             :     lengthpcm 548895, lengthbytes 95648, channels 1, format 2, freq 48000, mode 0a01020a
[LOG] SystemI::createSoundInternal             :     done.  OpenState now = FMOD_OPENSTATE_READY.

[LOG] AsyncThread::threadFunc                  : Finished Asynchronous operation on sound 000000003C5CD178
[LOG] AsyncThread::threadFunc                  : Starting Asynchronous operation on sound 000000003C5CD308
[LOG] SystemI::createSoundInternal             :     filename = C:\Users\10556476\Documents\JuniorProject\Audio\Build\Desktop/Music.bank : mode 0a010202
[LOG] SystemI::createSoundInternal             :     exinfo->cbsize             = 216
[LOG] SystemI::createSoundInternal             :     exinfo->length             = 2868416
[LOG] SystemI::createSoundInternal             :     exinfo->fileoffset         = 7360
[LOG] SystemI::createSoundInternal             :     exinfo->numsubsounds       = 1
[LOG] SystemI::createSoundInternal             :     exinfo->inclusionlist      = 000000003AB72DC8
[LOG] SystemI::createSoundInternal             :     exinfo->inclusionlistnum   = 1
[LOG] SystemI::createSoundInternal             :     exinfo->suggestedsoundtype = 5
[LOG] SystemI::createSoundInternal             :     exinfo->initialseekpostype = 1
[LOG] SystemI::createSoundInternal             :     Format has 1 subsounds.
[LOG] SystemI::createSoundInternal             :     Create as FMOD_CREATESAMPLE
[LOG] SystemI::createSoundInternal             :     Multi-sample sound (1 subsounds), create a sample container.
[LOG] SystemI::createSoundInternal             :     creating subsound 0/1
[LOG] SystemI::createSample                    :     mode 0a010202 length 1536000 samples, lengthbytes 386528
[LOG] SystemI::createSample                    :     channels = 2
[LOG] SystemI::createSample                    :     output = 000000003C5CC818
[LOG] OutputSoftware::createSample             :     lengthpcm 1536000, lengthbytes 386528, channels 2, format 2, freq 48000, mode 0a01020a
[LOG] SystemI::createSoundInternal             :     done.  OpenState now = FMOD_OPENSTATE_READY.

[LOG] AsyncThread::threadFunc                  : Finished Asynchronous operation on sound 000000003C5CD308
[LOG] AsyncThread::threadFunc                  : Starting Asynchronous operation on sound 000000003C5CD628
[LOG] SystemI::createSoundInternal             :     filename = C:\Users\10556476\Documents\JuniorProject\Audio\Build\Desktop/Music.bank : mode 0a010202
[LOG] SystemI::createSoundInternal             :     exinfo->cbsize             = 216
[LOG] SystemI::createSoundInternal             :     exinfo->length             = 2868416
[LOG] SystemI::createSoundInternal             :     exinfo->fileoffset         = 7360
[LOG] SystemI::createSoundInternal             :     exinfo->numsubsounds       = 1
[LOG] SystemI::createSoundInternal             :     exinfo->inclusionlist      = 000000003AB72F08
[LOG] SystemI::createSoundInternal             :     exinfo->inclusionlistnum   = 1
[LOG] SystemI::createSoundInternal             :     exinfo->suggestedsoundtype = 5
[LOG] SystemI::createSoundInternal             :     exinfo->initialseekpostype = 1
[LOG] SystemI::createSoundInternal             :     Format has 1 subsounds.
[LOG] SystemI::createSoundInternal             :     Create as FMOD_CREATESAMPLE
[LOG] SystemI::createSoundInternal             :     Multi-sample sound (1 subsounds), create a sample container.
[LOG] SystemI::createSoundInternal             :     creating subsound 0/1
[LOG] SystemI::createSample                    :     mode 0a010202 length 1536000 samples, lengthbytes 409376
[LOG] SystemI::createSample                    :     channels = 2
[LOG] SystemI::createSample                    :     output = 000000003C5CC818
[LOG] OutputSoftware::createSample             :     lengthpcm 1536000, lengthbytes 409376, channels 2, format 2, freq 48000, mode 0a01020a
[LOG] SystemI::createSoundInternal             :     done.  OpenState now = FMOD_OPENSTATE_READY.

[LOG] AsyncThread::threadFunc                  : Finished Asynchronous operation on sound 000000003C5CD628
[LOG] AsyncThread::threadFunc                  : Starting Asynchronous operation on sound 000000003ABE0E58
[LOG] SystemI::createSoundInternal             :     filename = C:\Users\10556476\Documents\JuniorProject\Audio\Build\Desktop/Music.bank : mode 0a010202
[LOG] SystemI::createSoundInternal             :     exinfo->cbsize             = 216
[LOG] SystemI::createSoundInternal             :     exinfo->length             = 2868416
[LOG] SystemI::createSoundInternal             :     exinfo->fileoffset         = 7360
[LOG] SystemI::createSoundInternal             :     exinfo->numsubsounds       = 1
[LOG] SystemI::createSoundInternal             :     exinfo->inclusionlist      = 000000003AB73048
[LOG] SystemI::createSoundInternal             :     exinfo->inclusionlistnum   = 1
[LOG] SystemI::createSoundInternal             :     exinfo->suggestedsoundtype = 5
[LOG] SystemI::createSoundInternal             :     exinfo->initialseekpostype = 1
[LOG] SystemI::createSoundInternal             :     Format has 1 subsounds.
[LOG] SystemI::createSoundInternal             :     Create as FMOD_CREATESAMPLE
[LOG] SystemI::createSoundInternal             :     Multi-sample sound (1 subsounds), create a sample container.
[LOG] SystemI::createSoundInternal             :     creating subsound 0/1
[LOG] SystemI::createSample                    :     mode 0a010202 length 5376000 samples, lengthbytes 1374400
[LOG] SystemI::createSample                    :     channels = 2
[LOG] SystemI::createSample                    :     output = 000000003C5CC818
[LOG] OutputSoftware::createSample             :     lengthpcm 5376000, lengthbytes 1374400, channels 2, format 2, freq 48000, mode 0a01020a
[LOG] SystemI::createSoundInternal             :     done.  OpenState now = FMOD_OPENSTATE_READY.

[LOG] AsyncThread::threadFunc                  : Finished Asynchronous operation on sound 000000003ABE0E58
[LOG] AsyncThread::threadFunc                  : Starting Asynchronous operation on sound 000000003ABE0FE8
[LOG] SystemI::createSoundInternal             :     filename = C:\Users\10556476\Documents\JuniorProject\Audio\Build\Desktop/Music.bank : mode 0a010202
[LOG] SystemI::createSoundInternal             :     exinfo->cbsize             = 216
[LOG] SystemI::createSoundInternal             :     exinfo->length             = 2868416
[WRN] SoundSourceInstrumentInstance::startChannelIfReady :     Loading delay exceeded, sound may play at incorrect time
[LOG] SystemI::createSoundInternal             :     exinfo->fileoffset         = 7360
[LOG] SystemI::createSoundInternal             :     exinfo->numsubsounds       = 1
[LOG] SystemI::createSoundInternal             :     exinfo->inclusionlist      = 000000003AB73188
[LOG] SystemI::createSoundInternal             :     exinfo->inclusionlistnum   = 1
[LOG] SystemI::createSoundInternal             :     exinfo->suggestedsoundtype = 5
[LOG] SystemI::createSoundInternal             :     exinfo->initialseekpostype = 1
[LOG] SystemI::createSoundInternal             :     Format has 1 subsounds.
[LOG] SystemI::createSoundInternal             :     Create as FMOD_CREATESAMPLE
[LOG] SystemI::createSoundInternal             :     Multi-sample sound (1 subsounds), create a sample container.
[LOG] SystemI::createSoundInternal             :     creating subsound 0/1
[LOG] SystemI::createSample                    :     mode 0a010202 length 2595456 samples, lengthbytes 695872
[LOG] SystemI::createSample                    :     channels = 2
[LOG] SystemI::createSample                    :     output = 000000003C5CC818
[LOG] OutputSoftware::createSample             :     lengthpcm 2595456, lengthbytes 695872, channels 2, format 2, freq 48000, mode 0a01020a
[LOG] SystemI::createSoundInternal             :     done.  OpenState now = FMOD_OPENSTATE_READY.

[LOG] AsyncThread::threadFunc                  : Finished Asynchronous operation on sound 000000003ABE0FE8
[WRN] SoundSourceInstrumentInstance::startChannelIfReady : Loading delay exceeded, sound may play at incorrect time
[LOG] SoundI::release                          : (null) (000000003C5CCCC8)
[LOG] SoundI::release                          : release subsounds. (000000003C5CCCC8)
[LOG] SoundI::release                          :     (null) (000000003C5CD498)
[LOG] SoundI::release                          : release codec. (000000003C5CCCC8)
[LOG] SoundI::release                          : (null) (000000003C5CCE58)
[LOG] SoundI::release                          : release subsounds. (000000003C5CCE58)
[LOG] SoundI::release                          :     (null) (000000003ABE1178)
[LOG] SoundI::release                          : release codec. (000000003C5CCE58)
[LOG] SoundI::release                          : (null) (000000003C5CCFE8)
[LOG] SoundI::release                          : release subsounds. (000000003C5CCFE8)
[LOG] SoundI::release                          :     (null) (000000003ABE1308)
[LOG] SoundI::release                          : release codec. (000000003C5CCFE8)
[LOG] SoundI::release                          : (null) (000000003C5CD178)
[LOG] SoundI::release                          : release subsounds. (000000003C5CD178)
[LOG] SoundI::release                          :     (null) (000000003ABE1498)
[LOG] SoundI::release                          : release codec. (000000003C5CD178)
[LOG] SoundI::release                          : (null) (000000003C5CD308)
[LOG] SoundI::release                          : release subsounds. (000000003C5CD308)
[LOG] SoundI::release                          :     (null) (000000003ABE1628)
[LOG] SoundI::release                          : release codec. (000000003C5CD308)
[LOG] SoundI::release                          : (null) (000000003C5CD628)
[LOG] SoundI::release                          : release subsounds. (000000003C5CD628)
[LOG] SoundI::release                          :     (null) (000000003ABE17B8)
[LOG] SoundI::release                          : release codec. (000000003C5CD628)
[LOG] SoundI::release                          : (null) (000000003ABE0E58)
[LOG] SoundI::release                          : release subsounds. (000000003ABE0E58)
[LOG] SoundI::release                          :     (null) (000000003ABE1948)
[LOG] SoundI::release                          : release codec. (000000003ABE0E58)
[LOG] SoundI::release                          : (null) (000000003ABE0FE8)
[LOG] SoundI::release                          : release subsounds. (000000003ABE0FE8)
[LOG] SoundI::release                          :     (null) (000000003ABE1AD8)
[LOG] SoundI::release                          : release codec. (000000003ABE0FE8)
[LOG] Thread::callback                         : * FMOD Studio update thread finished
[LOG] Thread::close                            : FMOD Studio update thread thread destroyed
[LOG] Thread::callback                         : * FMOD Studio load thread finished
[LOG] Thread::close                            : FMOD Studio load thread thread destroyed
[LOG] LiveUpdate::release                      : 
[LOG] SystemI::close                           : 
[LOG] SystemI::close                           : Stop all sounds
[LOG] Thread::callback                         : * FMOD stream thread finished
[LOG] Thread::close                            : FMOD stream thread thread destroyed
[LOG] SystemI::close                           : Stream thread destroyed
[LOG] SystemI::close                           : Shut down output.
[LOG] Thread::callback                         : * FMOD (WASAPI) feeder thread finished
[LOG] Thread::close                            : FMOD (WASAPI) feeder thread thread destroyed
[LOG] Thread::callback                         : * FMOD mixer thread finished
[LOG] Thread::close                            : FMOD mixer thread thread destroyed
[LOG] SystemI::close                           : Free master channel group.
[LOG] SystemI::close                           : Remove 'master' sound group.
[LOG] SystemI::close                           : Free software output.
[LOG] SystemI::close                           : Free emulated output.
[LOG] SystemI::close                           : Free channel pool.
[LOG] SystemI::close                           : Remove miscllaneous DSP stuff.
[LOG] Global::decRef                           : Shut down streamer and FMOD_NONBLOCKING and FileSystem thread.
[LOG] Thread::callback                         : * FMOD nonblocking thread (0) finished
[LOG] Thread::close                            : FMOD nonblocking thread (0) thread destroyed
[LOG] Global::decRef                           : Shut down file system.
[LOG] SystemI::close                           : done.

