<<<<<<< HEAD
<<<<<<< HEAD
Base path: D:/Programs/Unity 5/Editor/Data
Pipe name: \\.\pipe\UnityShaderCompiler-32bit-1-2788
=======
<<<<<<< HEAD
Base path: Z:/Programs/Unity/Editor/Data
Pipe name: \\.\pipe\UnityShaderCompiler-32bit-1-14284
=======
Base path: C:/Program Files/Unity/Editor/Data
<<<<<<< HEAD
Pipe name: \\.\pipe\UnityShaderCompiler-32bit-1-8012
=======
<<<<<<< HEAD
Pipe name: \\.\pipe\UnityShaderCompiler-32bit-1-7652
=======
Pipe name: \\.\pipe\UnityShaderCompiler-32bit-1-6344
>>>>>>> 9c44e35c43c1a1e91bb8746153e7ce0afabe53f4
>>>>>>> ccdc9cec217a9572f4167f80c6d6c01c09bce7c6
>>>>>>> 17c5aff50654103a1a1ac1173ba08dd9b6b8d64c
=======
Base path: C:/Program Files/Unity/Editor/Data
Pipe name: \\.\pipe\UnityShaderCompiler-32bit-1-7512
>>>>>>> d75dc223e77ecbcf581e8859d796abcf735e7205
Cmd: getPlatforms
Unhandled exception: Readfile from pipe failed. GLE=The pipe has been ended.


Quitting shader compiler process
